<?xml version="1.0" encoding="UTF-8"?>
<!-- Generated by org.testng.reporters.JUnitXMLReporter -->
<testsuite ignored="6" hostname="LTIN233552" failures="0" tests="11" name="Test" time="243.378" errors="0" timestamp="2024-03-04T15:00:30 IST">
  <testcase classname="Identify_courses.Webdevelopment" name="search" time="13.806"/>
  <testcase classname="Identify_courses.Webdevelopment" name="level" time="15.268"/>
  <testcase classname="Identify_courses.Webdevelopment" name="language" time="9.216"/>
  <testcase classname="Identify_courses.Webdevelopment" name="selectlanguage" time="17.985"/>
  <testcase classname="Identify_courses.Webdevelopment" name="course01" time="12.865"/>
  <testcase classname="Identify_courses.Webdevelopment" name="course02" time="17.595"/>
  <testcase classname="Identify_courses.languagelearning" name="courseraHome" time="29.36"/>
  <testcase classname="Identify_courses.languagelearning" name="showmore" time="19.363"/>
  <testcase classname="Identify_courses.Enterprise" name="Enterprises" time="27.809"/>
  <testcase classname="Identify_courses.Enterprise" name="filltheform" time="7.526"/>
  <testcase classname="Identify_courses.Enterprise" name="textboxes" time="17.353"/>
  <testcase classname="Identify_courses.Baseclass" name="@BeforeTest launchBrowser" time="0.0">
    <ignored/>
  </testcase> <!-- @BeforeTest launchBrowser -->
  <testcase classname="Identify_courses.Baseclass" name="@BeforeTest launchBrowser" time="0.0">
    <ignored/>
  </testcase> <!-- @BeforeTest launchBrowser -->
  <testcase classname="Identify_courses.Baseclass" name="@BeforeTest launchBrowser" time="0.0">
    <ignored/>
  </testcase> <!-- @BeforeTest launchBrowser -->
  <testcase classname="Identify_courses.Baseclass" name="@AfterTest closebrowser" time="0.0">
    <ignored/>
  </testcase> <!-- @AfterTest closebrowser -->
  <testcase classname="Identify_courses.Baseclass" name="@AfterTest closebrowser" time="0.0">
    <ignored/>
  </testcase> <!-- @AfterTest closebrowser -->
  <testcase classname="Identify_courses.Baseclass" name="@AfterTest closebrowser" time="0.0">
    <ignored/>
  </testcase> <!-- @AfterTest closebrowser -->
</testsuite> <!-- Test -->
