<?xml version="1.0" encoding="UTF-8"?>
<!-- Generated by org.testng.reporters.JUnitXMLReporter -->
<testsuite ignored="6" hostname="LTIN233552" failures="0" tests="11" name="Test" time="203.309" errors="0" timestamp="2024-03-05T14:02:01 IST">
  <testcase classname="Identify_courses.Webdevelopment" name="search" time="13.192"/>
  <testcase classname="Identify_courses.Webdevelopment" name="level" time="8.711"/>
  <testcase classname="Identify_courses.Webdevelopment" name="language" time="9.336"/>
  <testcase classname="Identify_courses.Webdevelopment" name="selectlanguage" time="17.975"/>
  <testcase classname="Identify_courses.Webdevelopment" name="course01" time="15.297"/>
  <testcase classname="Identify_courses.Webdevelopment" name="course02" time="14.429"/>
  <testcase classname="Identify_courses.languagelearning" name="courseraHome" time="31.919"/>
  <testcase classname="Identify_courses.languagelearning" name="showmore" time="19.346"/>
  <testcase classname="Identify_courses.Enterprise" name="Enterprises" time="25.466"/>
  <testcase classname="Identify_courses.Enterprise" name="filltheform" time="7.319"/>
  <testcase classname="Identify_courses.Enterprise" name="textboxes" time="17.485"/>
  <testcase classname="Identify_courses.Baseclass" name="@BeforeTest launchBrowser" time="0.0">
    <ignored/>
  </testcase> <!-- @BeforeTest launchBrowser -->
  <testcase classname="Identify_courses.Baseclass" name="@BeforeTest launchBrowser" time="0.0">
    <ignored/>
  </testcase> <!-- @BeforeTest launchBrowser -->
  <testcase classname="Identify_courses.Baseclass" name="@BeforeTest launchBrowser" time="0.0">
    <ignored/>
  </testcase> <!-- @BeforeTest launchBrowser -->
  <testcase classname="Identify_courses.Baseclass" name="@AfterTest closebrowser" time="0.0">
    <ignored/>
  </testcase> <!-- @AfterTest closebrowser -->
  <testcase classname="Identify_courses.Baseclass" name="@AfterTest closebrowser" time="0.0">
    <ignored/>
  </testcase> <!-- @AfterTest closebrowser -->
  <testcase classname="Identify_courses.Baseclass" name="@AfterTest closebrowser" time="0.0">
    <ignored/>
  </testcase> <!-- @AfterTest closebrowser -->
</testsuite> <!-- Test -->
