<?xml version="1.0" encoding="UTF-8"?>
<!-- Generated by org.testng.reporters.JUnitXMLReporter -->
<testsuite ignored="6" hostname="LTIN233552" failures="0" tests="11" name="Test" time="213.633" errors="0" timestamp="2024-03-05T14:38:08 IST">
  <testcase classname="Identify_courses.Webdevelopment" name="search" time="14.751"/>
  <testcase classname="Identify_courses.Webdevelopment" name="level" time="9.311"/>
  <testcase classname="Identify_courses.Webdevelopment" name="language" time="9.347"/>
  <testcase classname="Identify_courses.Webdevelopment" name="selectlanguage" time="19.16"/>
  <testcase classname="Identify_courses.Webdevelopment" name="course01" time="16.023"/>
  <testcase classname="Identify_courses.Webdevelopment" name="course02" time="15.807"/>
  <testcase classname="Identify_courses.languagelearning" name="courseraHome" time="31.975"/>
  <testcase classname="Identify_courses.languagelearning" name="showmore" time="19.894"/>
  <testcase classname="Identify_courses.Enterprise" name="Enterprises" time="30.311"/>
  <testcase classname="Identify_courses.Enterprise" name="filltheform" time="8.03"/>
  <testcase classname="Identify_courses.Enterprise" name="textboxes" time="17.81"/>
  <testcase classname="Identify_courses.Baseclass" name="@BeforeTest launchBrowser" time="0.0">
    <ignored/>
  </testcase> <!-- @BeforeTest launchBrowser -->
  <testcase classname="Identify_courses.Baseclass" name="@BeforeTest launchBrowser" time="0.0">
    <ignored/>
  </testcase> <!-- @BeforeTest launchBrowser -->
  <testcase classname="Identify_courses.Baseclass" name="@BeforeTest launchBrowser" time="0.0">
    <ignored/>
  </testcase> <!-- @BeforeTest launchBrowser -->
  <testcase classname="Identify_courses.Baseclass" name="@AfterTest closebrowser" time="0.0">
    <ignored/>
  </testcase> <!-- @AfterTest closebrowser -->
  <testcase classname="Identify_courses.Baseclass" name="@AfterTest closebrowser" time="0.0">
    <ignored/>
  </testcase> <!-- @AfterTest closebrowser -->
  <testcase classname="Identify_courses.Baseclass" name="@AfterTest closebrowser" time="0.0">
    <ignored/>
  </testcase> <!-- @AfterTest closebrowser -->
</testsuite> <!-- Test -->
