<?xml version="1.0" encoding="UTF-8"?>
<testng-results ignored="6" total="17" passed="11" failed="0" skipped="0">
  <reporter-output>
  </reporter-output>
  <suite started-at="2024-03-05T14:34:35 IST" name="Suite" finished-at="2024-03-05T14:38:08 IST" duration-ms="213633">
    <groups>
      <group name="regression">
        <method signature="Enterprise.Enterprises()[pri:0, instance:Identify_courses.Enterprise@f5958c9]" name="Enterprises" class="Identify_courses.Enterprise"/>
        <method signature="Enterprise.filltheform()[pri:1, instance:Identify_courses.Enterprise@f5958c9]" name="filltheform" class="Identify_courses.Enterprise"/>
        <method signature="Enterprise.textboxes()[pri:2, instance:Identify_courses.Enterprise@f5958c9]" name="textboxes" class="Identify_courses.Enterprise"/>
        <method signature="Webdevelopment.course01()[pri:4, instance:Identify_courses.Webdevelopment@6379eb]" name="course01" class="Identify_courses.Webdevelopment"/>
        <method signature="Webdevelopment.course02()[pri:5, instance:Identify_courses.Webdevelopment@6379eb]" name="course02" class="Identify_courses.Webdevelopment"/>
        <method signature="Webdevelopment.language()[pri:2, instance:Identify_courses.Webdevelopment@6379eb]" name="language" class="Identify_courses.Webdevelopment"/>
        <method signature="Webdevelopment.level()[pri:1, instance:Identify_courses.Webdevelopment@6379eb]" name="level" class="Identify_courses.Webdevelopment"/>
        <method signature="Webdevelopment.search()[pri:0, instance:Identify_courses.Webdevelopment@6379eb]" name="search" class="Identify_courses.Webdevelopment"/>
        <method signature="Webdevelopment.selectlanguage()[pri:3, instance:Identify_courses.Webdevelopment@6379eb]" name="selectlanguage" class="Identify_courses.Webdevelopment"/>
        <method signature="languagelearning.courseraHome()[pri:0, instance:Identify_courses.languagelearning@77c2494c]" name="courseraHome" class="Identify_courses.languagelearning"/>
        <method signature="languagelearning.showmore()[pri:1, instance:Identify_courses.languagelearning@77c2494c]" name="showmore" class="Identify_courses.languagelearning"/>
      </group> <!-- regression -->
      <group name="smoke">
        <method signature="Webdevelopment.level()[pri:1, instance:Identify_courses.Webdevelopment@6379eb]" name="level" class="Identify_courses.Webdevelopment"/>
        <method signature="Webdevelopment.search()[pri:0, instance:Identify_courses.Webdevelopment@6379eb]" name="search" class="Identify_courses.Webdevelopment"/>
      </group> <!-- smoke -->
      <group name="master">
        <method signature="Enterprise.Enterprises()[pri:0, instance:Identify_courses.Enterprise@f5958c9]" name="Enterprises" class="Identify_courses.Enterprise"/>
        <method signature="Enterprise.filltheform()[pri:1, instance:Identify_courses.Enterprise@f5958c9]" name="filltheform" class="Identify_courses.Enterprise"/>
        <method signature="Enterprise.textboxes()[pri:2, instance:Identify_courses.Enterprise@f5958c9]" name="textboxes" class="Identify_courses.Enterprise"/>
        <method signature="Webdevelopment.course01()[pri:4, instance:Identify_courses.Webdevelopment@6379eb]" name="course01" class="Identify_courses.Webdevelopment"/>
        <method signature="Webdevelopment.course02()[pri:5, instance:Identify_courses.Webdevelopment@6379eb]" name="course02" class="Identify_courses.Webdevelopment"/>
        <method signature="Webdevelopment.language()[pri:2, instance:Identify_courses.Webdevelopment@6379eb]" name="language" class="Identify_courses.Webdevelopment"/>
        <method signature="Webdevelopment.selectlanguage()[pri:3, instance:Identify_courses.Webdevelopment@6379eb]" name="selectlanguage" class="Identify_courses.Webdevelopment"/>
        <method signature="languagelearning.courseraHome()[pri:0, instance:Identify_courses.languagelearning@77c2494c]" name="courseraHome" class="Identify_courses.languagelearning"/>
        <method signature="languagelearning.showmore()[pri:1, instance:Identify_courses.languagelearning@77c2494c]" name="showmore" class="Identify_courses.languagelearning"/>
      </group> <!-- master -->
    </groups>
    <test started-at="2024-03-05T14:34:35 IST" name="Test" finished-at="2024-03-05T14:38:08 IST" duration-ms="213633">
      <class name="Identify_courses.Baseclass">
        <test-method is-config="true" signature="launchBrowser(java.lang.String)[pri:0, instance:Identify_courses.Baseclass@3bb9a3ff]" started-at="2024-03-05T14:34:35 IST" name="launchBrowser" finished-at="2024-03-05T14:34:55 IST" duration-ms="20283" status="PASS">
          <params>
            <param index="0">
              <value>
                <![CDATA[chrome]]>
              </value>
            </param>
          </params>
          <reporter-output>
          </reporter-output>
        </test-method> <!-- launchBrowser -->
        <test-method is-config="true" signature="closebrowser()[pri:0, instance:Identify_courses.Baseclass@3bb9a3ff]" started-at="2024-03-05T14:38:08 IST" name="closebrowser" finished-at="2024-03-05T14:38:08 IST" duration-ms="461" status="PASS">
          <reporter-output>
          </reporter-output>
        </test-method> <!-- closebrowser -->
      </class> <!-- Identify_courses.Baseclass -->
      <class name="Identify_courses.Enterprise">
        <test-method signature="Enterprises()[pri:0, instance:Identify_courses.Enterprise@f5958c9]" started-at="2024-03-05T14:37:12 IST" name="Enterprises" finished-at="2024-03-05T14:37:42 IST" duration-ms="30311" status="PASS">
          <reporter-output>
          </reporter-output>
        </test-method> <!-- Enterprises -->
        <test-method signature="filltheform()[pri:1, instance:Identify_courses.Enterprise@f5958c9]" started-at="2024-03-05T14:37:42 IST" name="filltheform" finished-at="2024-03-05T14:37:50 IST" duration-ms="8030" status="PASS">
          <reporter-output>
          </reporter-output>
        </test-method> <!-- filltheform -->
        <test-method signature="textboxes()[pri:2, instance:Identify_courses.Enterprise@f5958c9]" started-at="2024-03-05T14:37:50 IST" name="textboxes" finished-at="2024-03-05T14:38:08 IST" duration-ms="17810" status="PASS">
          <reporter-output>
          </reporter-output>
        </test-method> <!-- textboxes -->
      </class> <!-- Identify_courses.Enterprise -->
      <class name="Identify_courses.Webdevelopment">
        <test-method signature="search()[pri:0, instance:Identify_courses.Webdevelopment@6379eb]" started-at="2024-03-05T14:34:55 IST" name="search" finished-at="2024-03-05T14:35:10 IST" duration-ms="14751" status="PASS">
          <reporter-output>
          </reporter-output>
        </test-method> <!-- search -->
        <test-method signature="level()[pri:1, instance:Identify_courses.Webdevelopment@6379eb]" started-at="2024-03-05T14:35:10 IST" name="level" finished-at="2024-03-05T14:35:19 IST" duration-ms="9311" status="PASS">
          <reporter-output>
          </reporter-output>
        </test-method> <!-- level -->
        <test-method signature="language()[pri:2, instance:Identify_courses.Webdevelopment@6379eb]" started-at="2024-03-05T14:35:19 IST" name="language" finished-at="2024-03-05T14:35:29 IST" duration-ms="9347" status="PASS">
          <reporter-output>
          </reporter-output>
        </test-method> <!-- language -->
        <test-method signature="selectlanguage()[pri:3, instance:Identify_courses.Webdevelopment@6379eb]" started-at="2024-03-05T14:35:29 IST" name="selectlanguage" finished-at="2024-03-05T14:35:48 IST" duration-ms="19160" status="PASS">
          <reporter-output>
          </reporter-output>
        </test-method> <!-- selectlanguage -->
        <test-method signature="course01()[pri:4, instance:Identify_courses.Webdevelopment@6379eb]" started-at="2024-03-05T14:35:48 IST" name="course01" finished-at="2024-03-05T14:36:04 IST" duration-ms="16023" status="PASS">
          <reporter-output>
          </reporter-output>
        </test-method> <!-- course01 -->
        <test-method signature="course02()[pri:5, instance:Identify_courses.Webdevelopment@6379eb]" started-at="2024-03-05T14:36:04 IST" name="course02" finished-at="2024-03-05T14:36:20 IST" duration-ms="15807" status="PASS">
          <reporter-output>
          </reporter-output>
        </test-method> <!-- course02 -->
      </class> <!-- Identify_courses.Webdevelopment -->
      <class name="Identify_courses.languagelearning">
        <test-method signature="courseraHome()[pri:0, instance:Identify_courses.languagelearning@77c2494c]" started-at="2024-03-05T14:36:20 IST" name="courseraHome" finished-at="2024-03-05T14:36:52 IST" duration-ms="31975" status="PASS">
          <reporter-output>
          </reporter-output>
        </test-method> <!-- courseraHome -->
        <test-method signature="showmore()[pri:1, instance:Identify_courses.languagelearning@77c2494c]" started-at="2024-03-05T14:36:52 IST" name="showmore" finished-at="2024-03-05T14:37:12 IST" duration-ms="19894" status="PASS">
          <reporter-output>
          </reporter-output>
        </test-method> <!-- showmore -->
      </class> <!-- Identify_courses.languagelearning -->
    </test> <!-- Test -->
  </suite> <!-- Suite -->
</testng-results>
