<?xml version="1.0" encoding="UTF-8"?>
<testsuite xmlns:xsi="http://www.w3.org/2001/XMLSchema-instance" xsi:noNamespaceSchemaLocation="https://maven.apache.org/surefire/maven-surefire-plugin/xsd/surefire-test-report-3.0.xsd" version="3.0" name="TestSuite" time="215.136" tests="11" errors="0" skipped="0" failures="0">
  <properties>
[...]
</properties>
  <testcase name="search" classname="Identify_courses.Webdevelopment" time="14.775">
    <system-err><![CDATA[Mar 05, 2024 2:34:35 PM org.openqa.selenium.remote.tracing.opentelemetry.OpenTelemetryTracer createTracer
INFO: Using OpenTelemetry for tracing
]]></system-err>
  </testcase>
  <testcase name="level" classname="Identify_courses.Webdevelopment" time="9.312"/>
  <testcase name="language" classname="Identify_courses.Webdevelopment" time="9.346"/>
  <testcase name="selectlanguage" classname="Identify_courses.Webdevelopment" time="19.162"/>
  <testcase name="course01" classname="Identify_courses.Webdevelopment" time="16.023">
    <system-out><![CDATA[Course-1
Course Name :Meta Front-End Developer Professional Certificate
Course Duration :7 months at 6 hours a week
Course Rating :4.7
 
]]></system-out>
  </testcase>
  <testcase name="course02" classname="Identify_courses.Webdevelopment" time="15.807">
    <system-out><![CDATA[ 
Course-2
Course Name :Introduction to Web Development
Course Duration :3 weeks at 3 hours a week
Course Rating :4.7

]]></system-out>
  </testcase>
  <testcase name="courseraHome" classname="Identify_courses.languagelearning" time="31.974">
    <system-out><![CDATA[
[Beginner (888), Intermediate (782), Advanced (80), Mixed (148)]
Total Level Count :4
]]></system-out>
  </testcase>
  <testcase name="showmore" classname="Identify_courses.languagelearning" time="19.895">
    <system-out><![CDATA[[English (1,651), Spanish (1,100), Arabic (1,011), French (996), Chinese (China) (992), Portuguese (Brazil) (987), German (976), Indonesian (975), Hindi (971), Italian (970), Swedish (969), Dutch (968), Greek (968), Polish (968), Thai (968), Turkish (968), Ukrainian (968), Russian (945), Kazakh (893), Hungarian (696), Japanese (90), Korean (88), Chinese (Traditional) (5), Hebrew (2)]
Total Language Count :24
]]></system-out>
  </testcase>
  <testcase name="Enterprises" classname="Identify_courses.Enterprise" time="30.312"/>
  <testcase name="filltheform" classname="Identify_courses.Enterprise" time="8.029"/>
  <testcase name="textboxes" classname="Identify_courses.Enterprise" time="17.811">
    <system-out><![CDATA[
Error Message :Must be valid email.
example@yourdomain.com
]]></system-out>
  </testcase>
</testsuite>