<?xml version="1.0" encoding="UTF-8"?>
<testng-results ignored="6" total="17" passed="11" failed="0" skipped="0">
  <reporter-output>
  </reporter-output>
  <suite started-at="2024-03-04T14:56:27 IST" name="Suite" finished-at="2024-03-04T15:00:30 IST" duration-ms="243378">
    <groups>
      <group name="regression">
        <method signature="Enterprise.Enterprises()[pri:0, instance:Identify_courses.Enterprise@57250572]" name="Enterprises" class="Identify_courses.Enterprise"/>
        <method signature="Enterprise.filltheform()[pri:1, instance:Identify_courses.Enterprise@57250572]" name="filltheform" class="Identify_courses.Enterprise"/>
        <method signature="Enterprise.textboxes()[pri:2, instance:Identify_courses.Enterprise@57250572]" name="textboxes" class="Identify_courses.Enterprise"/>
        <method signature="Webdevelopment.course01()[pri:4, instance:Identify_courses.Webdevelopment@815b41f]" name="course01" class="Identify_courses.Webdevelopment"/>
        <method signature="Webdevelopment.course02()[pri:5, instance:Identify_courses.Webdevelopment@815b41f]" name="course02" class="Identify_courses.Webdevelopment"/>
        <method signature="Webdevelopment.language()[pri:2, instance:Identify_courses.Webdevelopment@815b41f]" name="language" class="Identify_courses.Webdevelopment"/>
        <method signature="Webdevelopment.level()[pri:1, instance:Identify_courses.Webdevelopment@815b41f]" name="level" class="Identify_courses.Webdevelopment"/>
        <method signature="Webdevelopment.search()[pri:0, instance:Identify_courses.Webdevelopment@815b41f]" name="search" class="Identify_courses.Webdevelopment"/>
        <method signature="Webdevelopment.selectlanguage()[pri:3, instance:Identify_courses.Webdevelopment@815b41f]" name="selectlanguage" class="Identify_courses.Webdevelopment"/>
        <method signature="languagelearning.courseraHome()[pri:0, instance:Identify_courses.languagelearning@21b2e768]" name="courseraHome" class="Identify_courses.languagelearning"/>
        <method signature="languagelearning.showmore()[pri:1, instance:Identify_courses.languagelearning@21b2e768]" name="showmore" class="Identify_courses.languagelearning"/>
      </group> <!-- regression -->
      <group name="smoke">
        <method signature="Webdevelopment.level()[pri:1, instance:Identify_courses.Webdevelopment@815b41f]" name="level" class="Identify_courses.Webdevelopment"/>
        <method signature="Webdevelopment.search()[pri:0, instance:Identify_courses.Webdevelopment@815b41f]" name="search" class="Identify_courses.Webdevelopment"/>
      </group> <!-- smoke -->
      <group name="master">
        <method signature="Enterprise.Enterprises()[pri:0, instance:Identify_courses.Enterprise@57250572]" name="Enterprises" class="Identify_courses.Enterprise"/>
        <method signature="Enterprise.filltheform()[pri:1, instance:Identify_courses.Enterprise@57250572]" name="filltheform" class="Identify_courses.Enterprise"/>
        <method signature="Enterprise.textboxes()[pri:2, instance:Identify_courses.Enterprise@57250572]" name="textboxes" class="Identify_courses.Enterprise"/>
        <method signature="Webdevelopment.course01()[pri:4, instance:Identify_courses.Webdevelopment@815b41f]" name="course01" class="Identify_courses.Webdevelopment"/>
        <method signature="Webdevelopment.course02()[pri:5, instance:Identify_courses.Webdevelopment@815b41f]" name="course02" class="Identify_courses.Webdevelopment"/>
        <method signature="Webdevelopment.language()[pri:2, instance:Identify_courses.Webdevelopment@815b41f]" name="language" class="Identify_courses.Webdevelopment"/>
        <method signature="Webdevelopment.selectlanguage()[pri:3, instance:Identify_courses.Webdevelopment@815b41f]" name="selectlanguage" class="Identify_courses.Webdevelopment"/>
        <method signature="languagelearning.courseraHome()[pri:0, instance:Identify_courses.languagelearning@21b2e768]" name="courseraHome" class="Identify_courses.languagelearning"/>
        <method signature="languagelearning.showmore()[pri:1, instance:Identify_courses.languagelearning@21b2e768]" name="showmore" class="Identify_courses.languagelearning"/>
      </group> <!-- master -->
    </groups>
    <test started-at="2024-03-04T14:56:27 IST" name="Test" finished-at="2024-03-04T15:00:30 IST" duration-ms="243378">
      <class name="Identify_courses.Baseclass">
        <test-method is-config="true" signature="launchBrowser(java.lang.String)[pri:0, instance:Identify_courses.Baseclass@292b08d6]" started-at="2024-03-04T14:56:28 IST" name="launchBrowser" finished-at="2024-03-04T14:57:22 IST" duration-ms="53971" status="PASS">
          <params>
            <param index="0">
              <value>
                <![CDATA[chrome]]>
              </value>
            </param>
          </params>
          <reporter-output>
          </reporter-output>
        </test-method> <!-- launchBrowser -->
        <test-method is-config="true" signature="closebrowser()[pri:0, instance:Identify_courses.Baseclass@292b08d6]" started-at="2024-03-04T15:00:30 IST" name="closebrowser" finished-at="2024-03-04T15:00:30 IST" duration-ms="281" status="PASS">
          <reporter-output>
          </reporter-output>
        </test-method> <!-- closebrowser -->
      </class> <!-- Identify_courses.Baseclass -->
      <class name="Identify_courses.Enterprise">
        <test-method signature="Enterprises()[pri:0, instance:Identify_courses.Enterprise@57250572]" started-at="2024-03-04T14:59:37 IST" name="Enterprises" finished-at="2024-03-04T15:00:05 IST" duration-ms="27809" status="PASS">
          <reporter-output>
          </reporter-output>
        </test-method> <!-- Enterprises -->
        <test-method signature="filltheform()[pri:1, instance:Identify_courses.Enterprise@57250572]" started-at="2024-03-04T15:00:05 IST" name="filltheform" finished-at="2024-03-04T15:00:13 IST" duration-ms="7526" status="PASS">
          <reporter-output>
          </reporter-output>
        </test-method> <!-- filltheform -->
        <test-method signature="textboxes()[pri:2, instance:Identify_courses.Enterprise@57250572]" started-at="2024-03-04T15:00:13 IST" name="textboxes" finished-at="2024-03-04T15:00:30 IST" duration-ms="17353" status="PASS">
          <reporter-output>
          </reporter-output>
        </test-method> <!-- textboxes -->
      </class> <!-- Identify_courses.Enterprise -->
      <class name="Identify_courses.Webdevelopment">
        <test-method signature="search()[pri:0, instance:Identify_courses.Webdevelopment@815b41f]" started-at="2024-03-04T14:57:22 IST" name="search" finished-at="2024-03-04T14:57:36 IST" duration-ms="13806" status="PASS">
          <reporter-output>
          </reporter-output>
        </test-method> <!-- search -->
        <test-method signature="level()[pri:1, instance:Identify_courses.Webdevelopment@815b41f]" started-at="2024-03-04T14:57:36 IST" name="level" finished-at="2024-03-04T14:57:51 IST" duration-ms="15268" status="PASS">
          <reporter-output>
          </reporter-output>
        </test-method> <!-- level -->
        <test-method signature="language()[pri:2, instance:Identify_courses.Webdevelopment@815b41f]" started-at="2024-03-04T14:57:51 IST" name="language" finished-at="2024-03-04T14:58:00 IST" duration-ms="9216" status="PASS">
          <reporter-output>
          </reporter-output>
        </test-method> <!-- language -->
        <test-method signature="selectlanguage()[pri:3, instance:Identify_courses.Webdevelopment@815b41f]" started-at="2024-03-04T14:58:00 IST" name="selectlanguage" finished-at="2024-03-04T14:58:18 IST" duration-ms="17985" status="PASS">
          <reporter-output>
          </reporter-output>
        </test-method> <!-- selectlanguage -->
        <test-method signature="course01()[pri:4, instance:Identify_courses.Webdevelopment@815b41f]" started-at="2024-03-04T14:58:18 IST" name="course01" finished-at="2024-03-04T14:58:31 IST" duration-ms="12865" status="PASS">
          <reporter-output>
          </reporter-output>
        </test-method> <!-- course01 -->
        <test-method signature="course02()[pri:5, instance:Identify_courses.Webdevelopment@815b41f]" started-at="2024-03-04T14:58:31 IST" name="course02" finished-at="2024-03-04T14:58:49 IST" duration-ms="17595" status="PASS">
          <reporter-output>
          </reporter-output>
        </test-method> <!-- course02 -->
      </class> <!-- Identify_courses.Webdevelopment -->
      <class name="Identify_courses.languagelearning">
        <test-method signature="courseraHome()[pri:0, instance:Identify_courses.languagelearning@21b2e768]" started-at="2024-03-04T14:58:49 IST" name="courseraHome" finished-at="2024-03-04T14:59:18 IST" duration-ms="29360" status="PASS">
          <reporter-output>
          </reporter-output>
        </test-method> <!-- courseraHome -->
        <test-method signature="showmore()[pri:1, instance:Identify_courses.languagelearning@21b2e768]" started-at="2024-03-04T14:59:18 IST" name="showmore" finished-at="2024-03-04T14:59:37 IST" duration-ms="19363" status="PASS">
          <reporter-output>
          </reporter-output>
        </test-method> <!-- showmore -->
      </class> <!-- Identify_courses.languagelearning -->
    </test> <!-- Test -->
  </suite> <!-- Suite -->
</testng-results>
