<?xml version="1.0" encoding="UTF-8"?>
<testng-results ignored="6" total="17" passed="11" failed="0" skipped="0">
  <reporter-output>
  </reporter-output>
  <suite started-at="2024-03-05T13:58:37 IST" name="Suite" finished-at="2024-03-05T14:02:01 IST" duration-ms="203309">
    <groups>
      <group name="regression">
        <method signature="Enterprise.Enterprises()[pri:0, instance:Identify_courses.Enterprise@11fc564b]" name="Enterprises" class="Identify_courses.Enterprise"/>
        <method signature="Enterprise.filltheform()[pri:1, instance:Identify_courses.Enterprise@11fc564b]" name="filltheform" class="Identify_courses.Enterprise"/>
        <method signature="Enterprise.textboxes()[pri:2, instance:Identify_courses.Enterprise@11fc564b]" name="textboxes" class="Identify_courses.Enterprise"/>
        <method signature="Webdevelopment.course01()[pri:4, instance:Identify_courses.Webdevelopment@dd05255]" name="course01" class="Identify_courses.Webdevelopment"/>
        <method signature="Webdevelopment.course02()[pri:5, instance:Identify_courses.Webdevelopment@dd05255]" name="course02" class="Identify_courses.Webdevelopment"/>
        <method signature="Webdevelopment.language()[pri:2, instance:Identify_courses.Webdevelopment@dd05255]" name="language" class="Identify_courses.Webdevelopment"/>
        <method signature="Webdevelopment.level()[pri:1, instance:Identify_courses.Webdevelopment@dd05255]" name="level" class="Identify_courses.Webdevelopment"/>
        <method signature="Webdevelopment.search()[pri:0, instance:Identify_courses.Webdevelopment@dd05255]" name="search" class="Identify_courses.Webdevelopment"/>
        <method signature="Webdevelopment.selectlanguage()[pri:3, instance:Identify_courses.Webdevelopment@dd05255]" name="selectlanguage" class="Identify_courses.Webdevelopment"/>
        <method signature="languagelearning.courseraHome()[pri:0, instance:Identify_courses.languagelearning@76ed1b7c]" name="courseraHome" class="Identify_courses.languagelearning"/>
        <method signature="languagelearning.showmore()[pri:1, instance:Identify_courses.languagelearning@76ed1b7c]" name="showmore" class="Identify_courses.languagelearning"/>
      </group> <!-- regression -->
      <group name="smoke">
        <method signature="Webdevelopment.level()[pri:1, instance:Identify_courses.Webdevelopment@dd05255]" name="level" class="Identify_courses.Webdevelopment"/>
        <method signature="Webdevelopment.search()[pri:0, instance:Identify_courses.Webdevelopment@dd05255]" name="search" class="Identify_courses.Webdevelopment"/>
      </group> <!-- smoke -->
      <group name="master">
        <method signature="Enterprise.Enterprises()[pri:0, instance:Identify_courses.Enterprise@11fc564b]" name="Enterprises" class="Identify_courses.Enterprise"/>
        <method signature="Enterprise.filltheform()[pri:1, instance:Identify_courses.Enterprise@11fc564b]" name="filltheform" class="Identify_courses.Enterprise"/>
        <method signature="Enterprise.textboxes()[pri:2, instance:Identify_courses.Enterprise@11fc564b]" name="textboxes" class="Identify_courses.Enterprise"/>
        <method signature="Webdevelopment.course01()[pri:4, instance:Identify_courses.Webdevelopment@dd05255]" name="course01" class="Identify_courses.Webdevelopment"/>
        <method signature="Webdevelopment.course02()[pri:5, instance:Identify_courses.Webdevelopment@dd05255]" name="course02" class="Identify_courses.Webdevelopment"/>
        <method signature="Webdevelopment.language()[pri:2, instance:Identify_courses.Webdevelopment@dd05255]" name="language" class="Identify_courses.Webdevelopment"/>
        <method signature="Webdevelopment.selectlanguage()[pri:3, instance:Identify_courses.Webdevelopment@dd05255]" name="selectlanguage" class="Identify_courses.Webdevelopment"/>
        <method signature="languagelearning.courseraHome()[pri:0, instance:Identify_courses.languagelearning@76ed1b7c]" name="courseraHome" class="Identify_courses.languagelearning"/>
        <method signature="languagelearning.showmore()[pri:1, instance:Identify_courses.languagelearning@76ed1b7c]" name="showmore" class="Identify_courses.languagelearning"/>
      </group> <!-- master -->
    </groups>
    <test started-at="2024-03-05T13:58:37 IST" name="Test" finished-at="2024-03-05T14:02:01 IST" duration-ms="203309">
      <class name="Identify_courses.Baseclass">
        <test-method is-config="true" signature="launchBrowser(java.lang.String)[pri:0, instance:Identify_courses.Baseclass@54d9d12d]" started-at="2024-03-05T13:58:38 IST" name="launchBrowser" finished-at="2024-03-05T13:59:00 IST" duration-ms="21720" status="PASS">
          <params>
            <param index="0">
              <value>
                <![CDATA[chrome]]>
              </value>
            </param>
          </params>
          <reporter-output>
          </reporter-output>
        </test-method> <!-- launchBrowser -->
        <test-method is-config="true" signature="closebrowser()[pri:0, instance:Identify_courses.Baseclass@54d9d12d]" started-at="2024-03-05T14:02:00 IST" name="closebrowser" finished-at="2024-03-05T14:02:01 IST" duration-ms="307" status="PASS">
          <reporter-output>
          </reporter-output>
        </test-method> <!-- closebrowser -->
      </class> <!-- Identify_courses.Baseclass -->
      <class name="Identify_courses.Enterprise">
        <test-method signature="Enterprises()[pri:0, instance:Identify_courses.Enterprise@11fc564b]" started-at="2024-03-05T14:01:10 IST" name="Enterprises" finished-at="2024-03-05T14:01:36 IST" duration-ms="25466" status="PASS">
          <reporter-output>
          </reporter-output>
        </test-method> <!-- Enterprises -->
        <test-method signature="filltheform()[pri:1, instance:Identify_courses.Enterprise@11fc564b]" started-at="2024-03-05T14:01:36 IST" name="filltheform" finished-at="2024-03-05T14:01:43 IST" duration-ms="7319" status="PASS">
          <reporter-output>
          </reporter-output>
        </test-method> <!-- filltheform -->
        <test-method signature="textboxes()[pri:2, instance:Identify_courses.Enterprise@11fc564b]" started-at="2024-03-05T14:01:43 IST" name="textboxes" finished-at="2024-03-05T14:02:00 IST" duration-ms="17485" status="PASS">
          <reporter-output>
          </reporter-output>
        </test-method> <!-- textboxes -->
      </class> <!-- Identify_courses.Enterprise -->
      <class name="Identify_courses.Webdevelopment">
        <test-method signature="search()[pri:0, instance:Identify_courses.Webdevelopment@dd05255]" started-at="2024-03-05T13:59:00 IST" name="search" finished-at="2024-03-05T13:59:13 IST" duration-ms="13192" status="PASS">
          <reporter-output>
          </reporter-output>
        </test-method> <!-- search -->
        <test-method signature="level()[pri:1, instance:Identify_courses.Webdevelopment@dd05255]" started-at="2024-03-05T13:59:13 IST" name="level" finished-at="2024-03-05T13:59:22 IST" duration-ms="8711" status="PASS">
          <reporter-output>
          </reporter-output>
        </test-method> <!-- level -->
        <test-method signature="language()[pri:2, instance:Identify_courses.Webdevelopment@dd05255]" started-at="2024-03-05T13:59:22 IST" name="language" finished-at="2024-03-05T13:59:31 IST" duration-ms="9336" status="PASS">
          <reporter-output>
          </reporter-output>
        </test-method> <!-- language -->
        <test-method signature="selectlanguage()[pri:3, instance:Identify_courses.Webdevelopment@dd05255]" started-at="2024-03-05T13:59:31 IST" name="selectlanguage" finished-at="2024-03-05T13:59:49 IST" duration-ms="17975" status="PASS">
          <reporter-output>
          </reporter-output>
        </test-method> <!-- selectlanguage -->
        <test-method signature="course01()[pri:4, instance:Identify_courses.Webdevelopment@dd05255]" started-at="2024-03-05T13:59:49 IST" name="course01" finished-at="2024-03-05T14:00:04 IST" duration-ms="15297" status="PASS">
          <reporter-output>
          </reporter-output>
        </test-method> <!-- course01 -->
        <test-method signature="course02()[pri:5, instance:Identify_courses.Webdevelopment@dd05255]" started-at="2024-03-05T14:00:04 IST" name="course02" finished-at="2024-03-05T14:00:19 IST" duration-ms="14429" status="PASS">
          <reporter-output>
          </reporter-output>
        </test-method> <!-- course02 -->
      </class> <!-- Identify_courses.Webdevelopment -->
      <class name="Identify_courses.languagelearning">
        <test-method signature="courseraHome()[pri:0, instance:Identify_courses.languagelearning@76ed1b7c]" started-at="2024-03-05T14:00:19 IST" name="courseraHome" finished-at="2024-03-05T14:00:51 IST" duration-ms="31919" status="PASS">
          <reporter-output>
          </reporter-output>
        </test-method> <!-- courseraHome -->
        <test-method signature="showmore()[pri:1, instance:Identify_courses.languagelearning@76ed1b7c]" started-at="2024-03-05T14:00:51 IST" name="showmore" finished-at="2024-03-05T14:01:10 IST" duration-ms="19346" status="PASS">
          <reporter-output>
          </reporter-output>
        </test-method> <!-- showmore -->
      </class> <!-- Identify_courses.languagelearning -->
    </test> <!-- Test -->
  </suite> <!-- Suite -->
</testng-results>
